Detailed log in: C:\Users\magnanten\Desktop\School\Data Structures\Labs\DS - 1 Bag ADT - MagnanteN\test-logs\LinkedBagDMRTests-2020-09-24-135046.log

     Starting tests of class LinkedBag

[ 1] Starting tests of array constructor

[1, 1 s] Testing: array constructor
	configuration:
		initialContents: null
	expect: []
	actual: []
[1, 1 s] Test passed

[1, 2 s] Testing: array constructor
	configuration:
		initialContents: []
	expect: []
	actual: []
[1, 2 s] Test passed

[1, 3] Testing: array constructor
	configuration:
		initialContents: [1]
	expect: [1]
[1, 3] Test failed

[1, 4] Testing: array constructor
	configuration:
		initialContents: ["hello"]
	expect: ["hello"]
[1, 4] Test failed

[1, 5] Testing: array constructor
	configuration:
		initialContents: [1, 33, 555, 7777, 99999]
	expect: [1, 33, 555, 7777, 99999]
[1, 5] Test failed

[1, 6] Testing: array constructor
	configuration:
		initialContents: ['a', 'A', 'z', 'Z']
	expect: ['a', 'A', 'z', 'Z']
[1, 6] Test failed

[1, 7] Testing: array constructor
	configuration:
		initialContents: [true, false, false, true, false]
	expect: [true, false, false, true, false]
[1, 7] Test failed

[1, 8] Testing: array constructor
	configuration:
		initialContents: ["hello", "I", "must", "be", "going", "-", "hello?", "hello?", "hello?"]
	expect: ["hello", "I", "must", "be", "going", "-", "hello?", "hello?", "hello?"]
[1, 8] Test failed

[1, 9] Testing: array constructor
	configuration:
		initialContents: [1, 1, 1]
	expect: [1, 1, 1]
[1, 9] Test failed

[1, 10] Testing: array constructor
	configuration:
		initialContents: [-1, 2, -3]
	expect: [-1, 2, -3]
[1, 10] Test failed

[1, 11] Testing: array constructor
	configuration:
		initialContents: ["hello?", "hello?", "hello?"]
	expect: ["hello?", "hello?", "hello?"]
[1, 11] Test failed

[1, 12] Testing: array constructor
	configuration:
		initialContents: ["is", "there", "anyone", "there?", "is", "this", "thing", "working?", "testing, 1, 2, 3"]
	expect: ["is", "there", "anyone", "there?", "is", "this", "thing", "working?", "testing, 1, 2, 3"]
[1, 12] Test failed

[1, 13] Testing: array constructor
	configuration:
		initialContents: [-12345, -12344, -12343, -12342, -12341, -12340, -12339, -12338, -12337, -12336, -12335, -12334, -12333, -12332, -12331, -12330, -12329, -12328, -12327, -12326, -12325, -12324, -12323, -12322, -12321, ..., 12321, 12322, 12323, 12324, 12325, 12326, 12327, 12328, 12329, 12330, 12331, 12332, 12333, 12334, 12335, 12336, 12337, 12338, 12339, 12340, 12341, 12342, 12343, 12344, 12345]
	expect: [-12345, -12344, -12343, -12342, -12341, -12340, -12339, -12338, -12337, -12336, -12335, -12334, -12333, -12332, -12331, -12330, -12329, -12328, -12327, -12326, -12325, -12324, -12323, -12322, -12321, ..., 12321, 12322, 12323, 12324, 12325, 12326, 12327, 12328, 12329, 12330, 12331, 12332, 12333, 12334, 12335, 12336, 12337, 12338, 12339, 12340, 12341, 12342, 12343, 12344, 12345]
[1, 13] Test failed

[1, 14] Testing: array constructor
	configuration:
		initialContents: [1, 1, 2, 3, 5, 8, 13, 1, 1, 1, 2, 3, 4, 6]
	expect: [1, 1, 2, 3, 5, 8, 13, 1, 1, 1, 2, 3, 4, 6]
[1, 14] Test failed

[1, 15] Testing: array constructor
	configuration:
		initialContents: [1, 1, 2, 3, 5, 8, null, 1, 1, 1, 2, 3, 4, 6]
	expect: IllegalArgumentException: "entry cannot be null"
	actual: IllegalArgumentException
[1, 15] Test passed

[1, 16] Testing: array constructor
	configuration:
		initialContents: [null, null]
	expect: IllegalArgumentException: "entry cannot be null"
	actual: IllegalArgumentException
[1, 16] Test passed

[ 1] Successfully completed   4 of  16 tests ( 25%) of array constructor

----------

     Summary Test Results

[ 1] Successfully completed   4 of  16 tests ( 25%) of array constructor

     Successfully completed   4 of  16 tests ( 25%) attempted for class LinkedBag
